<?xml version="1.0" encoding="UTF-8"?>
<!-- Generated by org.testng.reporters.JUnitReportReporter -->
<testsuite hostname="AnnieSneha" failures="0" tests="1" name="runner.TestRunner" time="15.343" errors="0" timestamp="2024-08-07T13:47:10 IST" skipped="0">
  <testcase classname="runner.TestRunner" name="runScenario" time="15.343"/>
</testsuite> <!-- runner.TestRunner -->
